Build started 10/29/2014 3:21:24 PM.
     1>Project "E:\project\sample\helloworld\helloworld.vcxproj" on node 2 (build target(s)).
     1>InitializeBuildStatus:
         Creating "Debug\helloworld.unsuccessfulbuild" because "AlwaysCreate" was specified.
       ClCompile:
         d:\hoc lap trinh\VC\bin\CL.exe /c /ZI /nologo /W3 /WX- /Od /Oy- /D WIN32 /D _DEBUG /D _CONSOLE /D _UNICODE /D UNICODE /Gm /EHsc /RTC1 /MDd /GS /fp:precise /Zc:wchar_t /Zc:forScope /Fo"Debug\\" /Fd"Debug\vc100.pdb" /Gd /TP /analyze- /errorReport:prompt main.cpp
         main.cpp
       ManifestResourceCompile:
         All outputs are up-to-date.
       Link:
         d:\hoc lap trinh\VC\bin\link.exe /ERRORREPORT:PROMPT /OUT:"E:\project\sample\demo\Debug\helloworld.exe" /INCREMENTAL /NOLOGO kernel32.lib user32.lib gdi32.lib winspool.lib comdlg32.lib advapi32.lib shell32.lib ole32.lib oleaut32.lib uuid.lib odbc32.lib odbccp32.lib /MANIFEST /ManifestFile:"Debug\helloworld.exe.intermediate.manifest" /MANIFESTUAC:"level='asInvoker' uiAccess='false'" /DEBUG /PDB:"E:\project\sample\demo\Debug\helloworld.pdb" /SUBSYSTEM:CONSOLE /TLBID:1 /DYNAMICBASE /NXCOMPAT /IMPLIB:"E:\project\sample\demo\Debug\helloworld.lib" /MACHINE:X86 Debug\helloworld.exe.embed.manifest.res
         Debug\main.obj
       Manifest:
         C:\Program Files\Microsoft SDKs\Windows\v7.0A\bin\mt.exe /nologo /verbose /out:"Debug\helloworld.exe.embed.manifest" /manifest Debug\helloworld.exe.intermediate.manifest
         All outputs are up-to-date.
       LinkEmbedManifest:
         All outputs are up-to-date.
         helloworld.vcxproj -> E:\project\sample\demo\Debug\helloworld.exe
       FinalizeBuildStatus:
         Deleting file "Debug\helloworld.unsuccessfulbuild".
         Touching "Debug\helloworld.lastbuildstate".
     1>Done Building Project "E:\project\sample\helloworld\helloworld.vcxproj" (build target(s)).

Build succeeded.

Time Elapsed 00:00:01.32
